2020-04-05 04:00:44,853  INFO [TestNG-test=Test-1] WebTest:147 - Starting Checkout Test
2020-04-05 04:00:45,164  INFO [TestNG-test=Test-1] Utils:99 - Waiting for page to be loaded fully
2020-04-05 04:00:45,165  INFO [TestNG-test=Test-1] LoginPage:36 - Waiting for Login button to be available
2020-04-05 04:00:48,490  INFO [TestNG-test=Test-2] WebTest:87 - Starting Login Test
2020-04-05 04:00:48,600  INFO [TestNG-test=Test-1] LoginPage:40 - Clicked Login button
2020-04-05 04:00:48,604  INFO [TestNG-test=Test-2] Utils:99 - Waiting for page to be loaded fully
2020-04-05 04:00:48,604  INFO [TestNG-test=Test-2] LoginPage:36 - Waiting for Login button to be available
2020-04-05 04:00:48,783  INFO [TestNG-test=Test-1] LoginPage:42 - Entering mail id as ::hf_challenge_123456@hf123456.com
2020-04-05 04:00:49,024  INFO [TestNG-test=Test-1] LoginPage:46 - Entering pwd as ::12345678
2020-04-05 04:00:49,819  INFO [TestNG-test=Test-3] WebTest:51 - Starting SignIn Test
2020-04-05 04:00:49,937  INFO [TestNG-test=Test-3] Utils:99 - Waiting for page to be loaded fully
2020-04-05 04:00:51,840  INFO [TestNG-test=Test-1] Utils:99 - Waiting for page to be loaded fully
2020-04-05 04:00:51,840  INFO [TestNG-test=Test-1] LoginPage:53 - Clicked submit button
2020-04-05 04:00:51,902  INFO [TestNG-test=Test-1] Utils:99 - Waiting for page to be loaded fully
2020-04-05 04:00:52,099  INFO [TestNG-test=Test-2] LoginPage:40 - Clicked Login button
2020-04-05 04:00:52,195  INFO [TestNG-test=Test-2] LoginPage:42 - Entering mail id as ::hf_challenge_123456@hf123456.com
2020-04-05 04:00:53,078  INFO [TestNG-test=Test-2] LoginPage:46 - Entering pwd as ::
2020-04-05 04:00:54,857  INFO [TestNG-test=Test-2] Utils:99 - Waiting for page to be loaded fully
2020-04-05 04:00:54,857  INFO [TestNG-test=Test-2] LoginPage:53 - Clicked submit button
2020-04-05 04:00:54,937  INFO [TestNG-test=Test-2] Utils:99 - Waiting for page to be loaded fully
2020-04-05 04:00:55,055  INFO [TestNG-test=Test-3] Utils:99 - Waiting for page to be loaded fully
2020-04-05 04:00:55,092  INFO [TestNG-test=Test-1] HomePage:87 - Selected women section
2020-04-05 04:00:55,111  INFO [TestNG-test=Test-2] WebTest:96 - java.lang.AssertionError: Heading is not as expected expected [MY ACCOUNT] but found [AUTHENTICATION]
2020-04-05 04:00:55,282  INFO [TestNG-test=Test-1] HomePage:100 - Scrolling down to view the product
2020-04-05 04:00:55,342  INFO [TestNG-test=Test-1] HomePage:102 - Clicking on the product
2020-04-05 04:00:57,952  INFO [TestNG-test=Test-1] HomePage:104 - Opening the full view of the product
2020-04-05 04:00:58,308  INFO [TestNG-test=Test-1] HomePage:106 - Selected the product
2020-04-05 04:00:58,309  INFO [TestNG-test=Test-1] HomePage:118 - Clicking on Add To Cart button
2020-04-05 04:00:59,311  INFO [TestNG-test=Test-1] HomePage:123 - Close button is displayed
2020-04-05 04:01:00,890  INFO [TestNG-test=Test-3] Utils:99 - Waiting for page to be loaded fully
2020-04-05 04:01:01,000  INFO [TestNG-test=Test-3] HomePage:43 - Logged in user is ::Test User
2020-04-05 04:01:01,028  INFO [TestNG-test=Test-3] HomePage:50 - Current url contains controller=my-account
2020-04-05 04:01:01,047  INFO [TestNG-test=Test-3] HomePage:62 - Account name is displayed as :: Test User
2020-04-05 04:01:01,098  INFO [TestNG-test=Test-3] HomePage:56 - Logout button is dispalyed
